<?xml version="1.0" encoding="UTF-8"?>
<!-- Generated by org.testng.reporters.JUnitReportReporter -->
<testsuite skipped="0" hostname="Sorowar-Windows-Laptop-01" name="Question2.FoodServingTest" tests="1" failures="0" timestamp="13 Feb 2018 19:22:05 GMT" time="5.418" errors="0">
  <testcase name="verify_allItems" time="5.418" classname="Question2.FoodServingTest"/>
</testsuite> <!-- Question2.FoodServingTest -->
